# JRE version: OpenJDK Runtime Environment (11.0.11+9) (build 11.0.11+9-b60-7590822)
# Java VM: OpenJDK 64-Bit Server VM (11.0.11+9-b60-7590822, mixed mode, tiered, compressed oops, g1 gc, windows-amd64)
Heap:
 garbage-first heap   total 358400K, used 256256K [0x00000000a0000000, 0x0000000100000000)
  region size 1024K, 88 young (90112K), 15 survivors (15360K)
 Metaspace       used 111047K, capacity 115893K, committed 116048K, reserved 1148928K
  class space    used 14086K, capacity 15618K, committed 15744K, reserved 1048576K
GC Heap History (20 events):
Event: 67.671 GC heap before
{Heap before GC invocations=76 (full 0):
 garbage-first heap   total 329728K, used 270394K [0x00000000a0000000, 0x0000000100000000)
  region size 1024K, 34 young (34816K), 3 survivors (3072K)
 Metaspace       used 102907K, capacity 107037K, committed 107344K, reserved 1142784K
  class space    used 13286K, capacity 14598K, committed 14720K, reserved 1048576K
}
Event: 67.679 GC heap after
{Heap after GC invocations=77 (full 0):
 garbage-first heap   total 329728K, used 242367K [0x00000000a0000000, 0x0000000100000000)
  region size 1024K, 4 young (4096K), 4 survivors (4096K)
 Metaspace       used 102907K, capacity 107037K, committed 107344K, reserved 1142784K
  class space    used 13286K, capacity 14598K, committed 14720K, reserved 1048576K
}
Event: 68.027 GC heap before
{Heap before GC invocations=78 (full 0):
 garbage-first heap   total 329728K, used 274111K [0x00000000a0000000, 0x0000000100000000)
  region size 1024K, 36 young (36864K), 4 survivors (4096K)
 Metaspace       used 102964K, capacity 107170K, committed 107344K, reserved 1142784K
  class space    used 13286K, capacity 14598K, committed 14720K, reserved 1048576K
}
Event: 68.034 GC heap after
{Heap after GC invocations=79 (full 0):
 garbage-first heap   total 329728K, used 243592K [0x00000000a0000000, 0x0000000100000000)
  region size 1024K, 3 young (3072K), 3 survivors (3072K)
 Metaspace       used 102964K, capacity 107170K, committed 107344K, reserved 1142784K
  class space    used 13286K, capacity 14598K, committed 14720K, reserved 1048576K
}
Event: 69.353 GC heap before
{Heap before GC invocations=79 (full 0):
 garbage-first heap   total 329728K, used 276360K [0x00000000a0000000, 0x0000000100000000)
  region size 1024K, 36 young (36864K), 3 survivors (3072K)
 Metaspace       used 103474K, capacity 107723K, committed 107856K, reserved 1142784K
  class space    used 13339K, capacity 14694K, committed 14720K, reserved 1048576K
}
Event: 69.366 GC heap after
{Heap after GC invocations=80 (full 0):
 garbage-first heap   total 329728K, used 246582K [0x00000000a0000000, 0x0000000100000000)
  region size 1024K, 5 young (5120K), 5 survivors (5120K)
 Metaspace       used 103474K, capacity 107723K, committed 107856K, reserved 1142784K
  class space    used 13339K, capacity 14694K, committed 14720K, reserved 1048576K
}
Event: 70.022 GC heap before
{Heap before GC invocations=81 (full 0):
 garbage-first heap   total 329728K, used 234294K [0x00000000a0000000, 0x0000000100000000)
  region size 1024K, 37 young (37888K), 5 survivors (5120K)
 Metaspace       used 104525K, capacity 108769K, committed 109008K, reserved 1142784K
  class space    used 13440K, capacity 14810K, committed 14848K, reserved 1048576K
}
Event: 70.030 GC heap after
{Heap after GC invocations=82 (full 0):
 garbage-first heap   total 329728K, used 161468K [0x00000000a0000000, 0x0000000100000000)
  region size 1024K, 4 young (4096K), 4 survivors (4096K)
 Metaspace       used 104525K, capacity 108769K, committed 109008K, reserved 1142784K
  class space    used 13440K, capacity 14810K, committed 14848K, reserved 1048576K
}
Event: 70.348 GC heap before
{Heap before GC invocations=82 (full 0):
 garbage-first heap   total 329728K, used 209596K [0x00000000a0000000, 0x0000000100000000)
  region size 1024K, 38 young (38912K), 4 survivors (4096K)
 Metaspace       used 105248K, capacity 109606K, committed 109648K, reserved 1144832K
  class space    used 13544K, capacity 14943K, committed 14976K, reserved 1048576K
}
Event: 70.358 GC heap after
{Heap after GC invocations=83 (full 0):
 garbage-first heap   total 329728K, used 178922K [0x00000000a0000000, 0x0000000100000000)
  region size 1024K, 6 young (6144K), 6 survivors (6144K)
 Metaspace       used 105248K, capacity 109606K, committed 109648K, reserved 1144832K
  class space    used 13544K, capacity 14943K, committed 14976K, reserved 1048576K
}
Event: 70.826 GC heap before
{Heap before GC invocations=84 (full 0):
 garbage-first heap   total 329728K, used 196330K [0x00000000a0000000, 0x0000000100000000)
  region size 1024K, 9 young (9216K), 6 survivors (6144K)
 Metaspace       used 105274K, capacity 109636K, committed 109904K, reserved 1144832K
  class space    used 13548K, capacity 14952K, committed 14976K, reserved 1048576K
}
Event: 70.833 GC heap after
{Heap after GC invocations=85 (full 0):
 garbage-first heap   total 329728K, used 194048K [0x00000000a0000000, 0x0000000100000000)
  region size 1024K, 5 young (5120K), 5 survivors (5120K)
 Metaspace       used 105274K, capacity 109636K, committed 109904K, reserved 1144832K
  class space    used 13548K, capacity 14952K, committed 14976K, reserved 1048576K
}
Event: 71.436 GC heap before
{Heap before GC invocations=86 (full 0):
 garbage-first heap   total 329728K, used 298496K [0x00000000a0000000, 0x0000000100000000)
  region size 1024K, 23 young (23552K), 5 survivors (5120K)
 Metaspace       used 105572K, capacity 109943K, committed 110288K, reserved 1144832K
  class space    used 13592K, capacity 14988K, committed 15104K, reserved 1048576K
}
Event: 71.443 GC heap after
{Heap after GC invocations=87 (full 0):
 garbage-first heap   total 329728K, used 163442K [0x00000000a0000000, 0x0000000100000000)
  region size 1024K, 6 young (6144K), 6 survivors (6144K)
 Metaspace       used 105572K, capacity 109943K, committed 110288K, reserved 1144832K
  class space    used 13592K, capacity 14988K, committed 15104K, reserved 1048576K
}
Event: 71.770 GC heap before
{Heap before GC invocations=87 (full 0):
 garbage-first heap   total 352256K, used 349810K [0x00000000a0000000, 0x0000000100000000)
  region size 1024K, 7 young (7168K), 6 survivors (6144K)
 Metaspace       used 105577K, capacity 109943K, committed 110288K, reserved 1144832K
  class space    used 13592K, capacity 14988K, committed 15104K, reserved 1048576K
}
Event: 71.777 GC heap after
{Heap after GC invocations=88 (full 0):
 garbage-first heap   total 358400K, used 182230K [0x00000000a0000000, 0x0000000100000000)
  region size 1024K, 6 young (6144K), 6 survivors (6144K)
 Metaspace       used 105577K, capacity 109943K, committed 110288K, reserved 1144832K
  class space    used 13592K, capacity 14988K, committed 15104K, reserved 1048576K
}
Event: 1638.897 GC heap before
{Heap before GC invocations=89 (full 0):
 garbage-first heap   total 358400K, used 259030K [0x00000000a0000000, 0x0000000100000000)
  region size 1024K, 82 young (83968K), 6 survivors (6144K)
 Metaspace       used 109376K, capacity 113756K, committed 113872K, reserved 1148928K
  class space    used 13891K, capacity 15303K, committed 15360K, reserved 1048576K
}
Event: 1638.984 GC heap after
{Heap after GC invocations=90 (full 0):
 garbage-first heap   total 358400K, used 165649K [0x00000000a0000000, 0x0000000100000000)
  region size 1024K, 8 young (8192K), 8 survivors (8192K)
 Metaspace       used 109376K, capacity 113756K, committed 113872K, reserved 1148928K
  class space    used 13891K, capacity 15303K, committed 15360K, reserved 1048576K
}
Event: 1641.629 GC heap before
{Heap before GC invocations=90 (full 0):
 garbage-first heap   total 358400K, used 275217K [0x00000000a0000000, 0x0000000100000000)
  region size 1024K, 115 young (117760K), 8 survivors (8192K)
 Metaspace       used 110326K, capacity 115098K, committed 115408K, reserved 1148928K
  class space    used 14002K, capacity 15509K, committed 15616K, reserved 1048576K
}
Event: 1641.809 GC heap after
{Heap after GC invocations=91 (full 0):
 garbage-first heap   total 358400K, used 183552K [0x00000000a0000000, 0x0000000100000000)
  region size 1024K, 15 young (15360K), 15 survivors (15360K)
 Metaspace       used 110326K, capacity 115098K, committed 115408K, reserved 1148928K
  class space    used 14002K, capacity 15509K, committed 15616K, reserved 1048576K
}

