# JRE version: OpenJDK Runtime Environment (11.0.11+9) (build 11.0.11+9-b60-7590822)
# Java VM: OpenJDK 64-Bit Server VM (11.0.11+9-b60-7590822, mixed mode, tiered, compressed oops, g1 gc, windows-amd64)
Heap:
 garbage-first heap   total 155648K, used 103127K [0x00000000a0000000, 0x0000000100000000)
  region size 1024K, 1 young (1024K), 1 survivors (1024K)
 Metaspace       used 80343K, capacity 83595K, committed 83828K, reserved 1122304K
  class space    used 10425K, capacity 11428K, committed 11492K, reserved 1048576K
GC Heap History (20 events):
Event: 14.588 GC heap after
{Heap after GC invocations=25 (full 0):
 garbage-first heap   total 129024K, used 73844K [0x00000000a0000000, 0x0000000100000000)
  region size 1024K, 3 young (3072K), 3 survivors (3072K)
 Metaspace       used 71759K, capacity 73718K, committed 73972K, reserved 1114112K
  class space    used 9135K, capacity 9785K, committed 9828K, reserved 1048576K
}
Event: 15.109 GC heap before
{Heap before GC invocations=25 (full 0):
 garbage-first heap   total 129024K, used 105588K [0x00000000a0000000, 0x0000000100000000)
  region size 1024K, 34 young (34816K), 3 survivors (3072K)
 Metaspace       used 74894K, capacity 76836K, committed 77044K, reserved 1116160K
  class space    used 9638K, capacity 10331K, committed 10340K, reserved 1048576K
}
Event: 15.116 GC heap after
{Heap after GC invocations=26 (full 0):
 garbage-first heap   total 129024K, used 75366K [0x00000000a0000000, 0x0000000100000000)
  region size 1024K, 4 young (4096K), 4 survivors (4096K)
 Metaspace       used 74894K, capacity 76836K, committed 77044K, reserved 1116160K
  class space    used 9638K, capacity 10331K, committed 10340K, reserved 1048576K
}
Event: 15.377 GC heap before
{Heap before GC invocations=27 (full 0):
 garbage-first heap   total 129024K, used 107110K [0x00000000a0000000, 0x0000000100000000)
  region size 1024K, 35 young (35840K), 4 survivors (4096K)
 Metaspace       used 75978K, capacity 78016K, committed 78324K, reserved 1118208K
  class space    used 9824K, capacity 10533K, committed 10596K, reserved 1048576K
}
Event: 15.383 GC heap after
{Heap after GC invocations=28 (full 0):
 garbage-first heap   total 129024K, used 78583K [0x00000000a0000000, 0x0000000100000000)
  region size 1024K, 5 young (5120K), 5 survivors (5120K)
 Metaspace       used 75978K, capacity 78016K, committed 78324K, reserved 1118208K
  class space    used 9824K, capacity 10533K, committed 10596K, reserved 1048576K
}
Event: 15.624 GC heap before
{Heap before GC invocations=28 (full 0):
 garbage-first heap   total 129024K, used 108279K [0x00000000a0000000, 0x0000000100000000)
  region size 1024K, 34 young (34816K), 5 survivors (5120K)
 Metaspace       used 77187K, capacity 79277K, committed 79348K, reserved 1118208K
  class space    used 10014K, capacity 10795K, committed 10852K, reserved 1048576K
}
Event: 15.630 GC heap after
{Heap after GC invocations=29 (full 0):
 garbage-first heap   total 129024K, used 81441K [0x00000000a0000000, 0x0000000100000000)
  region size 1024K, 3 young (3072K), 3 survivors (3072K)
 Metaspace       used 77187K, capacity 79277K, committed 79348K, reserved 1118208K
  class space    used 10014K, capacity 10795K, committed 10852K, reserved 1048576K
}
Event: 15.926 GC heap before
{Heap before GC invocations=30 (full 0):
 garbage-first heap   total 129024K, used 99873K [0x00000000a0000000, 0x0000000100000000)
  region size 1024K, 22 young (22528K), 3 survivors (3072K)
 Metaspace       used 77744K, capacity 80018K, committed 80244K, reserved 1118208K
  class space    used 10074K, capacity 10886K, committed 10980K, reserved 1048576K
}
Event: 15.934 GC heap after
{Heap after GC invocations=31 (full 0):
 garbage-first heap   total 129024K, used 83156K [0x00000000a0000000, 0x0000000100000000)
  region size 1024K, 2 young (2048K), 2 survivors (2048K)
 Metaspace       used 77744K, capacity 80018K, committed 80244K, reserved 1118208K
  class space    used 10074K, capacity 10886K, committed 10980K, reserved 1048576K
}
Event: 16.309 GC heap before
{Heap before GC invocations=32 (full 0):
 garbage-first heap   total 129024K, used 106708K [0x00000000a0000000, 0x0000000100000000)
  region size 1024K, 25 young (25600K), 2 survivors (2048K)
 Metaspace       used 79059K, capacity 81492K, committed 81780K, reserved 1120256K
  class space    used 10292K, capacity 11161K, committed 11236K, reserved 1048576K
}
Event: 16.314 GC heap after
{Heap after GC invocations=33 (full 0):
 garbage-first heap   total 129024K, used 88555K [0x00000000a0000000, 0x0000000100000000)
  region size 1024K, 4 young (4096K), 4 survivors (4096K)
 Metaspace       used 79059K, capacity 81492K, committed 81780K, reserved 1120256K
  class space    used 10292K, capacity 11161K, committed 11236K, reserved 1048576K
}
Event: 16.797 GC heap before
{Heap before GC invocations=33 (full 0):
 garbage-first heap   total 129024K, used 108011K [0x00000000a0000000, 0x0000000100000000)
  region size 1024K, 24 young (24576K), 4 survivors (4096K)
 Metaspace       used 79488K, capacity 82225K, committed 82292K, reserved 1120256K
  class space    used 10319K, capacity 11221K, committed 11236K, reserved 1048576K
}
Event: 16.805 GC heap after
{Heap after GC invocations=34 (full 0):
 garbage-first heap   total 129024K, used 94370K [0x00000000a0000000, 0x0000000100000000)
  region size 1024K, 3 young (3072K), 3 survivors (3072K)
 Metaspace       used 79488K, capacity 82225K, committed 82292K, reserved 1120256K
  class space    used 10319K, capacity 11221K, committed 11236K, reserved 1048576K
}
Event: 17.167 GC heap before
{Heap before GC invocations=35 (full 0):
 garbage-first heap   total 129024K, used 106658K [0x00000000a0000000, 0x0000000100000000)
  region size 1024K, 16 young (16384K), 3 survivors (3072K)
 Metaspace       used 79859K, capacity 82810K, committed 82932K, reserved 1120256K
  class space    used 10358K, capacity 11306K, committed 11364K, reserved 1048576K
}
Event: 17.171 GC heap after
{Heap after GC invocations=36 (full 0):
 garbage-first heap   total 129024K, used 96812K [0x00000000a0000000, 0x0000000100000000)
  region size 1024K, 2 young (2048K), 2 survivors (2048K)
 Metaspace       used 79859K, capacity 82810K, committed 82932K, reserved 1120256K
  class space    used 10358K, capacity 11306K, committed 11364K, reserved 1048576K
}
Event: 17.393 GC heap before
{Heap before GC invocations=36 (full 0):
 garbage-first heap   total 129024K, used 109100K [0x00000000a0000000, 0x0000000100000000)
  region size 1024K, 14 young (14336K), 2 survivors (2048K)
 Metaspace       used 80097K, capacity 83199K, committed 83572K, reserved 1122304K
  class space    used 10388K, capacity 11367K, committed 11492K, reserved 1048576K
}
Event: 17.397 GC heap after
{Heap after GC invocations=37 (full 0):
 garbage-first heap   total 129024K, used 98987K [0x00000000a0000000, 0x0000000100000000)
  region size 1024K, 2 young (2048K), 2 survivors (2048K)
 Metaspace       used 80097K, capacity 83199K, committed 83572K, reserved 1122304K
  class space    used 10388K, capacity 11367K, committed 11492K, reserved 1048576K
}
Event: 17.553 GC heap before
{Heap before GC invocations=38 (full 0):
 garbage-first heap   total 129024K, used 108203K [0x00000000a0000000, 0x0000000100000000)
  region size 1024K, 12 young (12288K), 2 survivors (2048K)
 Metaspace       used 80214K, capacity 83346K, committed 83572K, reserved 1122304K
  class space    used 10406K, capacity 11413K, committed 11492K, reserved 1048576K
}
Event: 17.558 GC heap after
{Heap after GC invocations=39 (full 0):
 garbage-first heap   total 129024K, used 102030K [0x00000000a0000000, 0x0000000100000000)
  region size 1024K, 2 young (2048K), 2 survivors (2048K)
 Metaspace       used 80214K, capacity 83346K, committed 83572K, reserved 1122304K
  class space    used 10406K, capacity 11413K, committed 11492K, reserved 1048576K
}
Event: 17.698 GC heap before
{Heap before GC invocations=39 (full 0):
 garbage-first heap   total 129024K, used 109198K [0x00000000a0000000, 0x0000000100000000)
  region size 1024K, 10 young (10240K), 2 survivors (2048K)
 Metaspace       used 80343K, capacity 83595K, committed 83828K, reserved 1122304K
  class space    used 10425K, capacity 11428K, committed 11492K, reserved 1048576K
}

